<?xml version="1.0" encoding="UTF-8"?>
<!-- Generated by org.testng.reporters.JUnitReportReporter -->
<testsuite hostname="DESKTOP-BHR3PSD" failures="0" tests="1" name="ecom.PlaceOrder" time="0.110" errors="0" timestamp="2024-03-11T21:01:07 IST" skipped="0">
  <testcase classname="ecom.PlaceOrder" name="placingOrdertest" time="0.110"/>
</testsuite> <!-- ecom.PlaceOrder -->
