<?xml version="1.0" encoding="UTF-8"?>
<!-- Generated by org.testng.reporters.JUnitReportReporter -->
<testsuite hostname="DESKTOP-BHR3PSD" failures="0" tests="1" name="basic.Post_CreateUser" time="2.994" errors="0" timestamp="2024-03-11T09:38:15 IST" skipped="0">
  <testcase classname="basic.Post_CreateUser" name="createUserOfApp" time="2.994"/>
</testsuite> <!-- basic.Post_CreateUser -->
