<?xml version="1.0" encoding="UTF-8"?>
<!-- Generated by org.testng.reporters.JUnitReportReporter -->
<testsuite hostname="DESKTOP-BHR3PSD" failures="0" tests="1" name="serializationDeserialization.CreateUser" time="3.473" errors="0" timestamp="2024-03-11T13:15:08 IST" skipped="0">
  <testcase classname="serializationDeserialization.CreateUser" name="createUser" time="3.473"/>
</testsuite> <!-- serializationDeserialization.CreateUser -->
