<?xml version="1.0" encoding="UTF-8"?>
<!-- Generated by org.testng.reporters.JUnitReportReporter -->
<testsuite hostname="DESKTOP-BHR3PSD" failures="0" tests="1" name="serializationDeserialization.ValidateGetWithPojo" time="2.530" errors="0" timestamp="2024-03-11T15:46:11 IST" skipped="0">
  <testcase classname="serializationDeserialization.ValidateGetWithPojo" name="getUsers" time="2.530"/>
</testsuite> <!-- serializationDeserialization.ValidateGetWithPojo -->
