<?xml version="1.0" encoding="UTF-8"?>
<!-- Generated by org.testng.reporters.JUnitReportReporter -->
<testsuite hostname="DESKTOP-BHR3PSD" failures="0" tests="1" name="basic.FetchData_By_JSONClasspath" time="2.923" errors="0" timestamp="2024-03-10T19:20:53 IST" skipped="0">
  <testcase classname="basic.FetchData_By_JSONClasspath" name="getValue" time="2.923"/>
</testsuite> <!-- basic.FetchData_By_JSONClasspath -->
