<?xml version="1.0" encoding="UTF-8"?>
<!-- Generated by org.testng.reporters.JUnitReportReporter -->
<testsuite hostname="DESKTOP-BHR3PSD" failures="0" tests="1" name="basic.GetData_FromJson" time="2.561" errors="0" timestamp="2024-03-10T19:08:13 IST" skipped="0">
  <testcase classname="basic.GetData_FromJson" name="getAllUsers" time="2.561"/>
</testsuite> <!-- basic.GetData_FromJson -->
