<?xml version="1.0" encoding="UTF-8"?>
<!-- Generated by org.testng.reporters.JUnitReportReporter -->
<testsuite hostname="DESKTOP-BHR3PSD" failures="0" tests="1" name="basic.Get_SingleUser" time="1.698" errors="0" timestamp="2024-03-10T16:28:54 IST" skipped="0">
  <testcase classname="basic.Get_SingleUser" name="getSingleUserDetail" time="1.698"/>
</testsuite> <!-- basic.Get_SingleUser -->
