<?xml version="1.0" encoding="UTF-8"?>
<!-- Generated by org.testng.reporters.JUnitReportReporter -->
<testsuite hostname="DESKTOP-BHR3PSD" failures="0" tests="1" name="basic.Get_ListUsers" time="2.283" errors="0" timestamp="2024-03-10T16:20:07 IST" skipped="0">
  <testcase classname="basic.Get_ListUsers" name="getUsers" time="2.283"/>
</testsuite> <!-- basic.Get_ListUsers -->
