<?xml version="1.0" encoding="UTF-8"?>
<!-- Generated by org.testng.reporters.JUnitReportReporter -->
<testsuite hostname="DESKTOP-BHR3PSD" failures="0" tests="1" name="ecom.LoginPage" time="2.714" errors="0" timestamp="2024-03-11T21:01:07 IST" skipped="0">
  <testcase classname="ecom.LoginPage" name="loginToApp" time="2.714"/>
</testsuite> <!-- ecom.LoginPage -->
