<?xml version="1.0" encoding="UTF-8"?>
<!-- Generated by org.testng.reporters.JUnitReportReporter -->
<testsuite hostname="DESKTOP-BHR3PSD" failures="0" tests="1" name="basic.GetValue_FromReadyJson" time="1.620" errors="0" timestamp="2024-03-21T09:52:49 IST" skipped="0">
  <testcase classname="basic.GetValue_FromReadyJson" name="practiceJson" time="1.620"/>
</testsuite> <!-- basic.GetValue_FromReadyJson -->
