<?xml version="1.0" encoding="UTF-8"?>
<!-- Generated by org.testng.reporters.JUnitReportReporter -->
<testsuite hostname="DESKTOP-BHR3PSD" failures="0" tests="2" name="basic.ApiChaining" time="4.872" errors="0" timestamp="2024-03-11T10:33:51 IST" skipped="0">
  <testcase classname="basic.ApiChaining" name="createUserForApp" time="3.611"/>
  <testcase classname="basic.ApiChaining" name="GetUserDetail" time="1.261"/>
</testsuite> <!-- basic.ApiChaining -->
